<?xml version="1.0" encoding="UTF-8"?>
<!-- Generated by org.testng.reporters.JUnitReportReporter -->
<testsuite skipped="0" hostname="DESKTOP-H9D33OG" name="LoginPage" tests="6" failures="0" timestamp="02 Apr 2019 15:45:53 GMT" time="14.371" errors="0">
  <testcase name="unsuccessfulLoginIncorrectPw4Times" time="2.373" classname="LoginPage"/>
  <testcase name="unsuccessfulLoginIncorrectPw" time="2.340" classname="LoginPage"/>
  <testcase name="successfulLogin" time="2.531" classname="LoginPage"/>
  <testcase name="unsuccessfulLoginIncorrectEmail" time="2.336" classname="LoginPage"/>
  <testcase name="unsuccessfulLoginIncorrectPw3Times" time="2.450" classname="LoginPage"/>
  <testcase name="unsuccessfulLoginIncorrectPw" time="2.341" classname="LoginPage"/>
</testsuite> <!-- LoginPage -->
